#
# There is insufficient memory for the Java Runtime Environment to continue.
# Native memory allocation (mmap) failed to map 134217728 bytes for Failed to commit area from 0x0000000081400000 to 0x0000000089400000 of length 134217728.
# Possible reasons:
#   The system is out of physical RAM or swap space
#   The process is running with CompressedOops enabled, and the Java Heap may be blocking the growth of the native heap
# Possible solutions:
#   Reduce memory load on the system
#   Increase physical memory or swap space
#   Check if swap backing store is full
#   Decrease Java heap size (-Xmx/-Xms)
#   Decrease number of Java threads
#   Decrease Java thread stack sizes (-Xss)
#   Set larger code cache with -XX:ReservedCodeCacheSize=
# This output file may be truncated or incomplete.
#
#  Out of Memory Error (t:/workspace/open/src/hotspot/os/windows/os_windows.cpp:3301), pid=18872, tid=18944
#
# JRE version:  (13.0.1+9) (build )
# Java VM: Java HotSpot(TM) 64-Bit Server VM (13.0.1+9, mixed mode, aot, sharing, tiered, compressed oops, g1 gc, windows-amd64)
# No core dump will be written. Minidumps are not enabled by default on client versions of Windows
#

---------------  S U M M A R Y ------------

Command Line: Client 127.0.0.1 2020 2021

Host: Intel(R) Core(TM) i7-4720HQ CPU @ 2.60GHz, 8 cores, 7G,  Windows 10 , 64 bit Build 19041 (10.0.19041.2251)
Time: Mon Nov 28 21:00:36 2022 대한민국 표준시 elapsed time: 0 seconds (0d 0h 0m 0s)

---------------  T H R E A D  ---------------

Current thread (0x000001fff4169800):  JavaThread "Unknown thread" [_thread_in_vm, id=18944, stack(0x000000bdc7700000,0x000000bdc7800000)]

Stack: [0x000000bdc7700000,0x000000bdc7800000]
Native frames: (J=compiled Java code, j=interpreted, Vv=VM code, C=native code)
V  [jvm.dll+0x626eca]
V  [jvm.dll+0x772c6a]
V  [jvm.dll+0x77441f]
V  [jvm.dll+0x774a23]
V  [jvm.dll+0x24da58]
V  [jvm.dll+0x62438a]
V  [jvm.dll+0x618f75]
V  [jvm.dll+0x30c61c]
V  [jvm.dll+0x30c452]
V  [jvm.dll+0x311bc6]
V  [jvm.dll+0x355ce6]
V  [jvm.dll+0x3554c0]
V  [jvm.dll+0x2e729a]
V  [jvm.dll+0x2e8532]
V  [jvm.dll+0x74fcd8]
V  [jvm.dll+0x363739]
V  [jvm.dll+0x732dc5]
V  [jvm.dll+0x3ce2ef]
V  [jvm.dll+0x3d0611]
C  [jli.dll+0x51ff]
C  [ucrtbase.dll+0x21bb2]
C  [KERNEL32.DLL+0x174b4]
C  [ntdll.dll+0x526a1]


---------------  P R O C E S S  ---------------

Threads class SMR info:
_java_thread_list=0x00007ffc5c0546b8, length=0, elements={
}

Java Threads: ( => current thread )

Other Threads:
  0x000001fff41ac000 GCTaskThread "GC Thread#0" [stack: 0x000000bdc7800000,0x000000bdc7900000] [id=7420]
  0x000001fff41be800 ConcurrentGCThread "G1 Main Marker" [stack: 0x000000bdc7900000,0x000000bdc7a00000] [id=12952]
  0x000001fff41c0000 ConcurrentGCThread "G1 Conc#0" [stack: 0x000000bdc7a00000,0x000000bdc7b00000] [id=19220]

[error occurred during error reporting (printing all threads), id 0xc0000005, EXCEPTION_ACCESS_VIOLATION (0xc0000005) at pc=0x00007ffc5b886f67]

VM state:not at safepoint (not fully initialized)

VM Mutex/Monitor currently owned by a thread:  ([mutex/lock_event])
[0x000001fff41656f0] Heap_lock - owner thread: 0x000001fff4169800

Heap address: 0x0000000081400000, size: 2028 MB, Compressed Oops mode: Non-zero based: 0x0000000081400000
Narrow klass base: 0x0000000000000000, Narrow klass shift: 0

GC Heap History (0 events):
No events

Deoptimization events (0 events):
No events

Classes unloaded (0 events):
No events

Classes redefined (0 events):
No events

Internal exceptions (0 events):
No events

Events (8 events):
Event: 0.040 Loaded shared library C:\Program Files\Java\jdk-13.0.1\bin\zip.dll
Event: 0.041 Loaded shared library C:\Program Files\Java\jdk-13.0.1\bin\jimage.dll
Event: 0.046 Loading shared library C:\Program Files\Java\jdk-13.0.1\lib\libjava.base-coop.dll failed, error code 126
Event: 0.047 Loading shared library C:\Program Files\Java\jdk-13.0.1\lib\libjava.logging-coop.dll failed, error code 126
Event: 0.047 Loading shared library C:\Program Files\Java\jdk-13.0.1\lib\libjdk.compiler-coop.dll failed, error code 126
Event: 0.047 Loading shared library C:\Program Files\Java\jdk-13.0.1\lib\libjdk.scripting.nashorn-coop.dll failed, error code 126
Event: 0.048 Loading shared library C:\Program Files\Java\jdk-13.0.1\lib\libjdk.internal.vm.ci-coop.dll failed, error code 126
Event: 0.048 Loading shared library C:\Program Files\Java\jdk-13.0.1\lib\libjdk.internal.vm.compiler-coop.dll failed, error code 126


Dynamic libraries:
0x00007ff732260000 - 0x00007ff73226f000 	C:\Program Files\Java\jdk-13.0.1\bin\java.exe
0x00007ffc8cab0000 - 0x00007ffc8cca8000 	C:\WINDOWS\SYSTEM32\ntdll.dll
0x00007ffc8c480000 - 0x00007ffc8c53f000 	C:\WINDOWS\System32\KERNEL32.DLL
0x00007ffc8a640000 - 0x00007ffc8a912000 	C:\WINDOWS\System32\KERNELBASE.dll
0x00007ffc8a310000 - 0x00007ffc8a410000 	C:\WINDOWS\System32\ucrtbase.dll
0x00007ffc840f0000 - 0x00007ffc84108000 	C:\Program Files\Java\jdk-13.0.1\bin\jli.dll
0x00007ffc85c40000 - 0x00007ffc85c55000 	C:\Program Files\Java\jdk-13.0.1\bin\VCRUNTIME140.dll
0x00007ffc8bed0000 - 0x00007ffc8bf7e000 	C:\WINDOWS\System32\ADVAPI32.dll
0x00007ffc8c3e0000 - 0x00007ffc8c47e000 	C:\WINDOWS\System32\msvcrt.dll
0x00007ffc8c340000 - 0x00007ffc8c3dc000 	C:\WINDOWS\System32\sechost.dll
0x00007ffc8b730000 - 0x00007ffc8b855000 	C:\WINDOWS\System32\RPCRT4.dll
0x00007ffc8c190000 - 0x00007ffc8c32d000 	C:\WINDOWS\System32\USER32.dll
0x00007ffc8aad0000 - 0x00007ffc8aaf2000 	C:\WINDOWS\System32\win32u.dll
0x00007ffc8ace0000 - 0x00007ffc8ad0b000 	C:\WINDOWS\System32\GDI32.dll
0x00007ffc7c1b0000 - 0x00007ffc7c44a000 	C:\WINDOWS\WinSxS\amd64_microsoft.windows.common-controls_6595b64144ccf1df_6.0.19041.1110_none_60b5254171f9507e\COMCTL32.dll
0x00007ffc8a480000 - 0x00007ffc8a58f000 	C:\WINDOWS\System32\gdi32full.dll
0x00007ffc8aa30000 - 0x00007ffc8aacd000 	C:\WINDOWS\System32\msvcp_win.dll
0x00007ffc806c0000 - 0x00007ffc806ca000 	C:\WINDOWS\SYSTEM32\VERSION.dll
0x00007ffc8b910000 - 0x00007ffc8b942000 	C:\WINDOWS\System32\IMM32.DLL
0x00007ffc6c590000 - 0x00007ffc6c62b000 	C:\Program Files\Java\jdk-13.0.1\bin\msvcp140.dll
0x00007ffc5b590000 - 0x00007ffc5c0f6000 	C:\Program Files\Java\jdk-13.0.1\bin\server\jvm.dll
0x00007ffc8c330000 - 0x00007ffc8c338000 	C:\WINDOWS\System32\PSAPI.DLL
0x00007ffc85cb0000 - 0x00007ffc85cb9000 	C:\WINDOWS\SYSTEM32\WSOCK32.dll
0x00007ffc805b0000 - 0x00007ffc805d7000 	C:\WINDOWS\SYSTEM32\WINMM.dll
0x00007ffc8b950000 - 0x00007ffc8b9bb000 	C:\WINDOWS\System32\WS2_32.dll
0x00007ffc88a00000 - 0x00007ffc88a12000 	C:\WINDOWS\SYSTEM32\kernel.appcore.dll
0x00007ffc85d30000 - 0x00007ffc85d40000 	C:\Program Files\Java\jdk-13.0.1\bin\verify.dll
0x00007ffc790d0000 - 0x00007ffc792b4000 	C:\WINDOWS\SYSTEM32\DBGHELP.DLL
0x00007ffc79080000 - 0x00007ffc790ac000 	C:\WINDOWS\SYSTEM32\dbgcore.DLL
0x00007ffc8a950000 - 0x00007ffc8a9d2000 	C:\WINDOWS\System32\bcryptPrimitives.dll
0x00007ffc831d0000 - 0x00007ffc831f6000 	C:\Program Files\Java\jdk-13.0.1\bin\java.dll
0x00007ffc828c0000 - 0x00007ffc828d7000 	C:\Program Files\Java\jdk-13.0.1\bin\zip.dll
0x00007ffc84840000 - 0x00007ffc8484a000 	C:\Program Files\Java\jdk-13.0.1\bin\jimage.dll

dbghelp: loaded successfully - version: 4.0.5 - missing functions: none
symbol engine: initialized successfully - sym options: 0x614 - pdb path: .;C:\Program Files\Java\jdk-13.0.1\bin;C:\WINDOWS\SYSTEM32;C:\WINDOWS\WinSxS\amd64_microsoft.windows.common-controls_6595b64144ccf1df_6.0.19041.1110_none_60b5254171f9507e;C:\Program Files\Java\jdk-13.0.1\bin\server

VM Arguments:
java_command: Client 127.0.0.1 2020 2021
java_class_path (initial): C:\Program Files\Java\jdk-13.0.1\lib;.
Launcher Type: SUN_STANDARD

[Global flags]
     intx CICompilerCount                          = 4                                         {product} {ergonomic}
     uint ConcGCThreads                            = 2                                         {product} {ergonomic}
     uint G1ConcRefinementThreads                  = 8                                         {product} {ergonomic}
   size_t G1HeapRegionSize                         = 1048576                                   {product} {ergonomic}
    uintx GCDrainStackTargetSize                   = 64                                        {product} {ergonomic}
   size_t InitialHeapSize                          = 134217728                                 {product} {ergonomic}
   size_t MarkStackSize                            = 4194304                                   {product} {ergonomic}
   size_t MaxHeapSize                              = 2126512128                                {product} {ergonomic}
   size_t MinHeapDeltaBytes                        = 1048576                                   {product} {ergonomic}
   size_t MinHeapSize                              = 8388608                                   {product} {ergonomic}
    uintx NonNMethodCodeHeapSize                   = 5836300                                {pd product} {ergonomic}
    uintx NonProfiledCodeHeapSize                  = 122910970                              {pd product} {ergonomic}
    uintx ProfiledCodeHeapSize                     = 122910970                              {pd product} {ergonomic}
    uintx ReservedCodeCacheSize                    = 251658240                              {pd product} {ergonomic}
     bool SegmentedCodeCache                       = true                                      {product} {ergonomic}
   size_t SoftMaxHeapSize                          = 2126512128                             {manageable} {ergonomic}
     bool UseCompressedClassPointers               = true                                 {lp64_product} {ergonomic}
     bool UseCompressedOops                        = true                                 {lp64_product} {ergonomic}
     bool UseG1GC                                  = true                                      {product} {ergonomic}
     bool UseLargePagesIndividualAllocation        = false                                  {pd product} {ergonomic}

Logging:
Log output configuration:
 #0: stdout all=warning uptime,level,tags
 #1: stderr all=off uptime,level,tags

Environment Variables:
JAVA_HOME=C:\Program Files\Java\jdk-13.0.1
CLASSPATH=C:\Program Files\Java\jdk-13.0.1\lib;.
PATH=C:\WinAVR-20100110\bin;C:\WinAVR-20100110\utils\bin;C:\Program Files (x86)\NAT Service;C:\Program Files (x86)\NVIDIA Corporation\PhysX\Common;C:\Program Files (x86)\Intel\iCLS Client\;C:\Program Files\Intel\iCLS Client\;C:\WINDOWS\system32;C:\WINDOWS;C:\WINDOWS\System32\Wbem;C:\WINDOWS\System32\WindowsPowerShell\v1.0\;C:\Program Files\Intel\Intel(R) Management Engine Components\DAL;C:\Program Files\Intel\Intel(R) Management Engine Components\IPT;C:\Program Files (x86)\Intel\Intel(R) Management Engine Components\DAL;C:\Program Files (x86)\Intel\Intel(R) Management Engine Components\IPT;C:\Program Files\Intel\WiFi\bin\;C:\Program Files\Common Files\Intel\WirelessCommon\;C:\WINDOWS\System32\OpenSSH\;C:\Program Files\Java\jdk-13.0.1\bin;C:\MinGW\bin;C:\Program Files\Git\cmd;C:\MongoDB;C:\Python\Scripts\;C:\Python\;C:\Users\SAMSUNG\AppData\Local\Microsoft\WindowsApps;C:\Users\SAMSUNG\AppData\Local\Programs\Microsoft VS Code\bin;C:\Program Files\Bandizip\;C:\Users\SAMSUNG\AppData\Local\GitHubDesktop\bin;C:\Users\SAMSUNG\AppData\Local\Microsoft\WindowsApps
USERNAME=SAMSUNG
OS=Windows_NT
PROCESSOR_IDENTIFIER=Intel64 Family 6 Model 60 Stepping 3, GenuineIntel



---------------  S Y S T E M  ---------------

OS: Windows 10 , 64 bit Build 19041 (10.0.19041.2251)

CPU:total 8 (initial active 8) (4 cores per cpu, 2 threads per core) family 6 model 60 stepping 3, cmov, cx8, fxsr, mmx, sse, sse2, sse3, ssse3, sse4.1, sse4.2, popcnt, avx, avx2, aes, clmul, erms, lzcnt, ht, tsc, tscinvbit, bmi1, bmi2, fma

Memory: 4k page, system-wide physical 8106M (1444M free)
TotalPageFile size 8106M (AvailPageFile size 126M)
current process WorkingSet (physical memory assigned to process): 10M, peak: 10M
current process commit charge ("private bytes"): 60M, peak: 188M

vm_info: Java HotSpot(TM) 64-Bit Server VM (13.0.1+9) for windows-amd64 JRE (13.0.1+9), built on Oct  6 2019 12:37:49 by "mach5one" with unknown MS VC++:1916

END.
