#
# There is insufficient memory for the Java Runtime Environment to continue.
# Native memory allocation (malloc) failed to allocate 32744 bytes for ChunkPool::allocate
# Possible reasons:
#   The system is out of physical RAM or swap space
#   The process is running with CompressedOops enabled, and the Java Heap may be blocking the growth of the native heap
# Possible solutions:
#   Reduce memory load on the system
#   Increase physical memory or swap space
#   Check if swap backing store is full
#   Decrease Java heap size (-Xmx/-Xms)
#   Decrease number of Java threads
#   Decrease Java thread stack sizes (-Xss)
#   Set larger code cache with -XX:ReservedCodeCacheSize=
#   JVM is running with Unscaled Compressed Oops mode in which the Java heap is
#     placed in the first 4GB address space. The Java Heap base address is the
#     maximum limit for the native heap growth. Please use -XX:HeapBaseMinAddress
#     to set the Java Heap base and to place the Java Heap above 4GB virtual address.
# This output file may be truncated or incomplete.
#
#  Out of Memory Error (t:/workspace/open/src/hotspot/share/memory/arena.cpp:80), pid=16200, tid=16140
#
# JRE version: Java(TM) SE Runtime Environment (13.0.1+9) (build 13.0.1+9)
# Java VM: Java HotSpot(TM) 64-Bit Server VM (13.0.1+9, mixed mode, sharing, tiered, compressed oops, g1 gc, windows-amd64)
# No core dump will be written. Minidumps are not enabled by default on client versions of Windows
#

---------------  S U M M A R Y ------------

Command Line: Peer 500

Host: Intel(R) Core(TM) i7-4720HQ CPU @ 2.60GHz, 8 cores, 7G,  Windows 10 , 64 bit Build 19041 (10.0.19041.1889)
Time: Wed Nov  9 16:17:47 2022 대한민국 표준시 elapsed time: 10 seconds (0d 0h 0m 10s)

---------------  T H R E A D  ---------------

Current thread (0x000001e870bbb800):  JavaThread "C1 CompilerThread0" daemon [_thread_in_native, id=16140, stack(0x0000002278600000,0x0000002278700000)]


Current CompileTask:
C1:  10301  208       3      
[error occurred during error reporting (printing current compile task), id 0xe0000001, Out of Memory Error (t:/workspace/open/src/hotspot/share/memory/arena.cpp:80)]

Stack: [0x0000002278600000,0x0000002278700000]
Native frames: (J=compiled Java code, j=interpreted, Vv=VM code, C=native code)
V  [jvm.dll+0x626eca]
V  [jvm.dll+0x772c6a]
V  [jvm.dll+0x77441f]
V  [jvm.dll+0x774a23]
V  [jvm.dll+0x24da58]
V  [jvm.dll+0xc3d16]
V  [jvm.dll+0xc406c]
V  [jvm.dll+0x6f117f]
V  [jvm.dll+0x6f1269]
V  [jvm.dll+0x50a952]
V  [jvm.dll+0x5e0979]
V  [jvm.dll+0x219c3f]
V  [jvm.dll+0x21a1b7]
V  [jvm.dll+0x772b00]
V  [jvm.dll+0x77441f]
V  [jvm.dll+0x774a23]
V  [jvm.dll+0x24da58]
V  [jvm.dll+0xc3d16]
V  [jvm.dll+0xc406c]
V  [jvm.dll+0x6147f3]
V  [jvm.dll+0x171b30]
V  [jvm.dll+0x16f8de]
V  [jvm.dll+0x16fcfa]
V  [jvm.dll+0x172374]
V  [jvm.dll+0x12be85]
V  [jvm.dll+0x12b6ff]
V  [jvm.dll+0x12b92f]
V  [jvm.dll+0x12abc7]
V  [jvm.dll+0x12cae7]
V  [jvm.dll+0x2159bd]
V  [jvm.dll+0x213e6b]
V  [jvm.dll+0x738b16]
V  [jvm.dll+0x731c0a]
V  [jvm.dll+0x6260c6]
C  [ucrtbase.dll+0x21bb2]
C  [KERNEL32.DLL+0x17034]
C  [ntdll.dll+0x526a1]


---------------  P R O C E S S  ---------------

Threads class SMR info:
_java_thread_list=0x000001e871582db0, length=12, elements={
0x000001e8514cb800, 0x000001e870b8d000, 0x000001e870b92000, 0x000001e870bb4000,
0x000001e870bb6000, 0x000001e870bb7000, 0x000001e870bbb800, 0x000001e870bcd000,
0x000001e871596000, 0x000001e8715a1800, 0x000001e871571000, 0x000001e871572000
}

Java Threads: ( => current thread )
  0x000001e8514cb800 JavaThread "main" [_thread_blocked, id=15972, stack(0x0000002277a00000,0x0000002277b00000)]
  0x000001e870b8d000 JavaThread "Reference Handler" daemon [_thread_blocked, id=17072, stack(0x0000002278100000,0x0000002278200000)]
  0x000001e870b92000 JavaThread "Finalizer" daemon [_thread_blocked, id=17704, stack(0x0000002278200000,0x0000002278300000)]
  0x000001e870bb4000 JavaThread "Signal Dispatcher" daemon [_thread_blocked, id=17788, stack(0x0000002278300000,0x0000002278400000)]
  0x000001e870bb6000 JavaThread "Attach Listener" daemon [_thread_blocked, id=17000, stack(0x0000002278400000,0x0000002278500000)]
  0x000001e870bb7000 JavaThread "C2 CompilerThread0" daemon [_thread_blocked, id=14820, stack(0x0000002278500000,0x0000002278600000)]
=>0x000001e870bbb800 JavaThread "C1 CompilerThread0" daemon [_thread_in_native, id=16140, stack(0x0000002278600000,0x0000002278700000)]
  0x000001e870bcd000 JavaThread "Sweeper thread" daemon [_thread_blocked, id=4896, stack(0x0000002278700000,0x0000002278800000)]
  0x000001e871596000 JavaThread "Service Thread" daemon [_thread_blocked, id=8436, stack(0x0000002278800000,0x0000002278900000)]
  0x000001e8715a1800 JavaThread "Common-Cleaner" daemon [_thread_blocked, id=4324, stack(0x0000002278a00000,0x0000002278b00000)]
  0x000001e871571000 JavaThread "Thread-0" [_thread_in_native, id=16476, stack(0x0000002278b00000,0x0000002278c00000)]
  0x000001e871572000 JavaThread "Thread-1" [_thread_in_native, id=7016, stack(0x0000002278c00000,0x0000002278d00000)]

Other Threads:
  0x000001e870b89800 VMThread "VM Thread" [stack: 0x0000002278000000,0x0000002278100000] [id=11832]
  0x000001e87159c800 WatcherThread [stack: 0x0000002278900000,0x0000002278a00000] [id=17212]
  0x000001e85150e000 GCTaskThread "GC Thread#0" [stack: 0x0000002277b00000,0x0000002277c00000] [id=14420]
  0x000001e851520800 ConcurrentGCThread "G1 Main Marker" [stack: 0x0000002277c00000,0x0000002277d00000] [id=4304]
  0x000001e851522000 ConcurrentGCThread "G1 Conc#0" [stack: 0x0000002277d00000,0x0000002277e00000] [id=17516]
  0x000001e870a06800 ConcurrentGCThread "G1 Refine#0" [stack: 0x0000002277e00000,0x0000002277f00000] [id=8124]
  0x000001e870a07800 ConcurrentGCThread "G1 Young RemSet Sampling" [stack: 0x0000002277f00000,0x0000002278000000] [id=7052]

Threads with active compile tasks:
C1 CompilerThread0    10447  208       3       jdk.internal.org.objectweb.asm.Frame::execute (2305 bytes)

VM state:not at safepoint (normal execution)

VM Mutex/Monitor currently owned by a thread: None

Heap address: 0x0000000081400000, size: 2028 MB, Compressed Oops mode: 32-bit
Narrow klass base: 0x0000000800000000, Narrow klass shift: 3
Compressed class space size: 1073741824 Address: 0x0000000800b40000

Heap:
 garbage-first heap   total 131072K, used 1024K [0x0000000081400000, 0x0000000100000000)
  region size 1024K, 2 young (2048K), 0 survivors (0K)
 Metaspace       used 953K, capacity 4533K, committed 4864K, reserved 1056768K
  class space    used 95K, capacity 402K, committed 512K, reserved 1048576K
Heap Regions: E=young(eden), S=young(survivor), O=old, HS=humongous(starts), HC=humongous(continues), CS=collection set, F=free, A=archive, TAMS=top-at-mark-start (previous, next)
|   0|0x0000000081400000, 0x0000000081400000, 0x0000000081500000|  0%| F|  |TAMS 0x0000000081400000, 0x0000000081400000| Untracked 
|   1|0x0000000081500000, 0x0000000081500000, 0x0000000081600000|  0%| F|  |TAMS 0x0000000081500000, 0x0000000081500000| Untracked 
|   2|0x0000000081600000, 0x0000000081600000, 0x0000000081700000|  0%| F|  |TAMS 0x0000000081600000, 0x0000000081600000| Untracked 
|   3|0x0000000081700000, 0x0000000081700000, 0x0000000081800000|  0%| F|  |TAMS 0x0000000081700000, 0x0000000081700000| Untracked 
|   4|0x0000000081800000, 0x0000000081800000, 0x0000000081900000|  0%| F|  |TAMS 0x0000000081800000, 0x0000000081800000| Untracked 
|   5|0x0000000081900000, 0x0000000081900000, 0x0000000081a00000|  0%| F|  |TAMS 0x0000000081900000, 0x0000000081900000| Untracked 
|   6|0x0000000081a00000, 0x0000000081a00000, 0x0000000081b00000|  0%| F|  |TAMS 0x0000000081a00000, 0x0000000081a00000| Untracked 
|   7|0x0000000081b00000, 0x0000000081b00000, 0x0000000081c00000|  0%| F|  |TAMS 0x0000000081b00000, 0x0000000081b00000| Untracked 
|   8|0x0000000081c00000, 0x0000000081c00000, 0x0000000081d00000|  0%| F|  |TAMS 0x0000000081c00000, 0x0000000081c00000| Untracked 
|   9|0x0000000081d00000, 0x0000000081d00000, 0x0000000081e00000|  0%| F|  |TAMS 0x0000000081d00000, 0x0000000081d00000| Untracked 
|  10|0x0000000081e00000, 0x0000000081e00000, 0x0000000081f00000|  0%| F|  |TAMS 0x0000000081e00000, 0x0000000081e00000| Untracked 
|  11|0x0000000081f00000, 0x0000000081f00000, 0x0000000082000000|  0%| F|  |TAMS 0x0000000081f00000, 0x0000000081f00000| Untracked 
|  12|0x0000000082000000, 0x0000000082000000, 0x0000000082100000|  0%| F|  |TAMS 0x0000000082000000, 0x0000000082000000| Untracked 
|  13|0x0000000082100000, 0x0000000082100000, 0x0000000082200000|  0%| F|  |TAMS 0x0000000082100000, 0x0000000082100000| Untracked 
|  14|0x0000000082200000, 0x0000000082200000, 0x0000000082300000|  0%| F|  |TAMS 0x0000000082200000, 0x0000000082200000| Untracked 
|  15|0x0000000082300000, 0x0000000082300000, 0x0000000082400000|  0%| F|  |TAMS 0x0000000082300000, 0x0000000082300000| Untracked 
|  16|0x0000000082400000, 0x0000000082400000, 0x0000000082500000|  0%| F|  |TAMS 0x0000000082400000, 0x0000000082400000| Untracked 
|  17|0x0000000082500000, 0x0000000082500000, 0x0000000082600000|  0%| F|  |TAMS 0x0000000082500000, 0x0000000082500000| Untracked 
|  18|0x0000000082600000, 0x0000000082600000, 0x0000000082700000|  0%| F|  |TAMS 0x0000000082600000, 0x0000000082600000| Untracked 
|  19|0x0000000082700000, 0x0000000082700000, 0x0000000082800000|  0%| F|  |TAMS 0x0000000082700000, 0x0000000082700000| Untracked 
|  20|0x0000000082800000, 0x0000000082800000, 0x0000000082900000|  0%| F|  |TAMS 0x0000000082800000, 0x0000000082800000| Untracked 
|  21|0x0000000082900000, 0x0000000082900000, 0x0000000082a00000|  0%| F|  |TAMS 0x0000000082900000, 0x0000000082900000| Untracked 
|  22|0x0000000082a00000, 0x0000000082a00000, 0x0000000082b00000|  0%| F|  |TAMS 0x0000000082a00000, 0x0000000082a00000| Untracked 
|  23|0x0000000082b00000, 0x0000000082b00000, 0x0000000082c00000|  0%| F|  |TAMS 0x0000000082b00000, 0x0000000082b00000| Untracked 
|  24|0x0000000082c00000, 0x0000000082c00000, 0x0000000082d00000|  0%| F|  |TAMS 0x0000000082c00000, 0x0000000082c00000| Untracked 
|  25|0x0000000082d00000, 0x0000000082d00000, 0x0000000082e00000|  0%| F|  |TAMS 0x0000000082d00000, 0x0000000082d00000| Untracked 
|  26|0x0000000082e00000, 0x0000000082e00000, 0x0000000082f00000|  0%| F|  |TAMS 0x0000000082e00000, 0x0000000082e00000| Untracked 
|  27|0x0000000082f00000, 0x0000000082f00000, 0x0000000083000000|  0%| F|  |TAMS 0x0000000082f00000, 0x0000000082f00000| Untracked 
|  28|0x0000000083000000, 0x0000000083000000, 0x0000000083100000|  0%| F|  |TAMS 0x0000000083000000, 0x0000000083000000| Untracked 
|  29|0x0000000083100000, 0x0000000083100000, 0x0000000083200000|  0%| F|  |TAMS 0x0000000083100000, 0x0000000083100000| Untracked 
|  30|0x0000000083200000, 0x0000000083200000, 0x0000000083300000|  0%| F|  |TAMS 0x0000000083200000, 0x0000000083200000| Untracked 
|  31|0x0000000083300000, 0x0000000083300000, 0x0000000083400000|  0%| F|  |TAMS 0x0000000083300000, 0x0000000083300000| Untracked 
|  32|0x0000000083400000, 0x0000000083400000, 0x0000000083500000|  0%| F|  |TAMS 0x0000000083400000, 0x0000000083400000| Untracked 
|  33|0x0000000083500000, 0x0000000083500000, 0x0000000083600000|  0%| F|  |TAMS 0x0000000083500000, 0x0000000083500000| Untracked 
|  34|0x0000000083600000, 0x0000000083600000, 0x0000000083700000|  0%| F|  |TAMS 0x0000000083600000, 0x0000000083600000| Untracked 
|  35|0x0000000083700000, 0x0000000083700000, 0x0000000083800000|  0%| F|  |TAMS 0x0000000083700000, 0x0000000083700000| Untracked 
|  36|0x0000000083800000, 0x0000000083800000, 0x0000000083900000|  0%| F|  |TAMS 0x0000000083800000, 0x0000000083800000| Untracked 
|  37|0x0000000083900000, 0x0000000083900000, 0x0000000083a00000|  0%| F|  |TAMS 0x0000000083900000, 0x0000000083900000| Untracked 
|  38|0x0000000083a00000, 0x0000000083a00000, 0x0000000083b00000|  0%| F|  |TAMS 0x0000000083a00000, 0x0000000083a00000| Untracked 
|  39|0x0000000083b00000, 0x0000000083b00000, 0x0000000083c00000|  0%| F|  |TAMS 0x0000000083b00000, 0x0000000083b00000| Untracked 
|  40|0x0000000083c00000, 0x0000000083c00000, 0x0000000083d00000|  0%| F|  |TAMS 0x0000000083c00000, 0x0000000083c00000| Untracked 
|  41|0x0000000083d00000, 0x0000000083d00000, 0x0000000083e00000|  0%| F|  |TAMS 0x0000000083d00000, 0x0000000083d00000| Untracked 
|  42|0x0000000083e00000, 0x0000000083e00000, 0x0000000083f00000|  0%| F|  |TAMS 0x0000000083e00000, 0x0000000083e00000| Untracked 
|  43|0x0000000083f00000, 0x0000000083f00000, 0x0000000084000000|  0%| F|  |TAMS 0x0000000083f00000, 0x0000000083f00000| Untracked 
|  44|0x0000000084000000, 0x0000000084000000, 0x0000000084100000|  0%| F|  |TAMS 0x0000000084000000, 0x0000000084000000| Untracked 
|  45|0x0000000084100000, 0x0000000084100000, 0x0000000084200000|  0%| F|  |TAMS 0x0000000084100000, 0x0000000084100000| Untracked 
|  46|0x0000000084200000, 0x0000000084200000, 0x0000000084300000|  0%| F|  |TAMS 0x0000000084200000, 0x0000000084200000| Untracked 
|  47|0x0000000084300000, 0x0000000084300000, 0x0000000084400000|  0%| F|  |TAMS 0x0000000084300000, 0x0000000084300000| Untracked 
|  48|0x0000000084400000, 0x0000000084400000, 0x0000000084500000|  0%| F|  |TAMS 0x0000000084400000, 0x0000000084400000| Untracked 
|  49|0x0000000084500000, 0x0000000084500000, 0x0000000084600000|  0%| F|  |TAMS 0x0000000084500000, 0x0000000084500000| Untracked 
|  50|0x0000000084600000, 0x0000000084600000, 0x0000000084700000|  0%| F|  |TAMS 0x0000000084600000, 0x0000000084600000| Untracked 
|  51|0x0000000084700000, 0x0000000084700000, 0x0000000084800000|  0%| F|  |TAMS 0x0000000084700000, 0x0000000084700000| Untracked 
|  52|0x0000000084800000, 0x0000000084800000, 0x0000000084900000|  0%| F|  |TAMS 0x0000000084800000, 0x0000000084800000| Untracked 
|  53|0x0000000084900000, 0x0000000084900000, 0x0000000084a00000|  0%| F|  |TAMS 0x0000000084900000, 0x0000000084900000| Untracked 
|  54|0x0000000084a00000, 0x0000000084a00000, 0x0000000084b00000|  0%| F|  |TAMS 0x0000000084a00000, 0x0000000084a00000| Untracked 
|  55|0x0000000084b00000, 0x0000000084b00000, 0x0000000084c00000|  0%| F|  |TAMS 0x0000000084b00000, 0x0000000084b00000| Untracked 
|  56|0x0000000084c00000, 0x0000000084c00000, 0x0000000084d00000|  0%| F|  |TAMS 0x0000000084c00000, 0x0000000084c00000| Untracked 
|  57|0x0000000084d00000, 0x0000000084d00000, 0x0000000084e00000|  0%| F|  |TAMS 0x0000000084d00000, 0x0000000084d00000| Untracked 
|  58|0x0000000084e00000, 0x0000000084e00000, 0x0000000084f00000|  0%| F|  |TAMS 0x0000000084e00000, 0x0000000084e00000| Untracked 
|  59|0x0000000084f00000, 0x0000000084f00000, 0x0000000085000000|  0%| F|  |TAMS 0x0000000084f00000, 0x0000000084f00000| Untracked 
|  60|0x0000000085000000, 0x0000000085000000, 0x0000000085100000|  0%| F|  |TAMS 0x0000000085000000, 0x0000000085000000| Untracked 
|  61|0x0000000085100000, 0x0000000085100000, 0x0000000085200000|  0%| F|  |TAMS 0x0000000085100000, 0x0000000085100000| Untracked 
|  62|0x0000000085200000, 0x0000000085200000, 0x0000000085300000|  0%| F|  |TAMS 0x0000000085200000, 0x0000000085200000| Untracked 
|  63|0x0000000085300000, 0x0000000085300000, 0x0000000085400000|  0%| F|  |TAMS 0x0000000085300000, 0x0000000085300000| Untracked 
|  64|0x0000000085400000, 0x0000000085400000, 0x0000000085500000|  0%| F|  |TAMS 0x0000000085400000, 0x0000000085400000| Untracked 
|  65|0x0000000085500000, 0x0000000085500000, 0x0000000085600000|  0%| F|  |TAMS 0x0000000085500000, 0x0000000085500000| Untracked 
|  66|0x0000000085600000, 0x0000000085600000, 0x0000000085700000|  0%| F|  |TAMS 0x0000000085600000, 0x0000000085600000| Untracked 
|  67|0x0000000085700000, 0x0000000085700000, 0x0000000085800000|  0%| F|  |TAMS 0x0000000085700000, 0x0000000085700000| Untracked 
|  68|0x0000000085800000, 0x0000000085800000, 0x0000000085900000|  0%| F|  |TAMS 0x0000000085800000, 0x0000000085800000| Untracked 
|  69|0x0000000085900000, 0x0000000085900000, 0x0000000085a00000|  0%| F|  |TAMS 0x0000000085900000, 0x0000000085900000| Untracked 
|  70|0x0000000085a00000, 0x0000000085a00000, 0x0000000085b00000|  0%| F|  |TAMS 0x0000000085a00000, 0x0000000085a00000| Untracked 
|  71|0x0000000085b00000, 0x0000000085b00000, 0x0000000085c00000|  0%| F|  |TAMS 0x0000000085b00000, 0x0000000085b00000| Untracked 
|  72|0x0000000085c00000, 0x0000000085c00000, 0x0000000085d00000|  0%| F|  |TAMS 0x0000000085c00000, 0x0000000085c00000| Untracked 
|  73|0x0000000085d00000, 0x0000000085d00000, 0x0000000085e00000|  0%| F|  |TAMS 0x0000000085d00000, 0x0000000085d00000| Untracked 
|  74|0x0000000085e00000, 0x0000000085e00000, 0x0000000085f00000|  0%| F|  |TAMS 0x0000000085e00000, 0x0000000085e00000| Untracked 
|  75|0x0000000085f00000, 0x0000000085f00000, 0x0000000086000000|  0%| F|  |TAMS 0x0000000085f00000, 0x0000000085f00000| Untracked 
|  76|0x0000000086000000, 0x0000000086000000, 0x0000000086100000|  0%| F|  |TAMS 0x0000000086000000, 0x0000000086000000| Untracked 
|  77|0x0000000086100000, 0x0000000086100000, 0x0000000086200000|  0%| F|  |TAMS 0x0000000086100000, 0x0000000086100000| Untracked 
|  78|0x0000000086200000, 0x0000000086200000, 0x0000000086300000|  0%| F|  |TAMS 0x0000000086200000, 0x0000000086200000| Untracked 
|  79|0x0000000086300000, 0x0000000086300000, 0x0000000086400000|  0%| F|  |TAMS 0x0000000086300000, 0x0000000086300000| Untracked 
|  80|0x0000000086400000, 0x0000000086400000, 0x0000000086500000|  0%| F|  |TAMS 0x0000000086400000, 0x0000000086400000| Untracked 
|  81|0x0000000086500000, 0x0000000086500000, 0x0000000086600000|  0%| F|  |TAMS 0x0000000086500000, 0x0000000086500000| Untracked 
|  82|0x0000000086600000, 0x0000000086600000, 0x0000000086700000|  0%| F|  |TAMS 0x0000000086600000, 0x0000000086600000| Untracked 
|  83|0x0000000086700000, 0x0000000086700000, 0x0000000086800000|  0%| F|  |TAMS 0x0000000086700000, 0x0000000086700000| Untracked 
|  84|0x0000000086800000, 0x0000000086800000, 0x0000000086900000|  0%| F|  |TAMS 0x0000000086800000, 0x0000000086800000| Untracked 
|  85|0x0000000086900000, 0x0000000086900000, 0x0000000086a00000|  0%| F|  |TAMS 0x0000000086900000, 0x0000000086900000| Untracked 
|  86|0x0000000086a00000, 0x0000000086a00000, 0x0000000086b00000|  0%| F|  |TAMS 0x0000000086a00000, 0x0000000086a00000| Untracked 
|  87|0x0000000086b00000, 0x0000000086b00000, 0x0000000086c00000|  0%| F|  |TAMS 0x0000000086b00000, 0x0000000086b00000| Untracked 
|  88|0x0000000086c00000, 0x0000000086c00000, 0x0000000086d00000|  0%| F|  |TAMS 0x0000000086c00000, 0x0000000086c00000| Untracked 
|  89|0x0000000086d00000, 0x0000000086d00000, 0x0000000086e00000|  0%| F|  |TAMS 0x0000000086d00000, 0x0000000086d00000| Untracked 
|  90|0x0000000086e00000, 0x0000000086e00000, 0x0000000086f00000|  0%| F|  |TAMS 0x0000000086e00000, 0x0000000086e00000| Untracked 
|  91|0x0000000086f00000, 0x0000000086f00000, 0x0000000087000000|  0%| F|  |TAMS 0x0000000086f00000, 0x0000000086f00000| Untracked 
|  92|0x0000000087000000, 0x0000000087000000, 0x0000000087100000|  0%| F|  |TAMS 0x0000000087000000, 0x0000000087000000| Untracked 
|  93|0x0000000087100000, 0x0000000087100000, 0x0000000087200000|  0%| F|  |TAMS 0x0000000087100000, 0x0000000087100000| Untracked 
|  94|0x0000000087200000, 0x0000000087200000, 0x0000000087300000|  0%| F|  |TAMS 0x0000000087200000, 0x0000000087200000| Untracked 
|  95|0x0000000087300000, 0x0000000087300000, 0x0000000087400000|  0%| F|  |TAMS 0x0000000087300000, 0x0000000087300000| Untracked 
|  96|0x0000000087400000, 0x0000000087400000, 0x0000000087500000|  0%| F|  |TAMS 0x0000000087400000, 0x0000000087400000| Untracked 
|  97|0x0000000087500000, 0x0000000087500000, 0x0000000087600000|  0%| F|  |TAMS 0x0000000087500000, 0x0000000087500000| Untracked 
|  98|0x0000000087600000, 0x0000000087600000, 0x0000000087700000|  0%| F|  |TAMS 0x0000000087600000, 0x0000000087600000| Untracked 
|  99|0x0000000087700000, 0x0000000087700000, 0x0000000087800000|  0%| F|  |TAMS 0x0000000087700000, 0x0000000087700000| Untracked 
| 100|0x0000000087800000, 0x0000000087800000, 0x0000000087900000|  0%| F|  |TAMS 0x0000000087800000, 0x0000000087800000| Untracked 
| 101|0x0000000087900000, 0x0000000087900000, 0x0000000087a00000|  0%| F|  |TAMS 0x0000000087900000, 0x0000000087900000| Untracked 
| 102|0x0000000087a00000, 0x0000000087a00000, 0x0000000087b00000|  0%| F|  |TAMS 0x0000000087a00000, 0x0000000087a00000| Untracked 
| 103|0x0000000087b00000, 0x0000000087b00000, 0x0000000087c00000|  0%| F|  |TAMS 0x0000000087b00000, 0x0000000087b00000| Untracked 
| 104|0x0000000087c00000, 0x0000000087c00000, 0x0000000087d00000|  0%| F|  |TAMS 0x0000000087c00000, 0x0000000087c00000| Untracked 
| 105|0x0000000087d00000, 0x0000000087d00000, 0x0000000087e00000|  0%| F|  |TAMS 0x0000000087d00000, 0x0000000087d00000| Untracked 
| 106|0x0000000087e00000, 0x0000000087e00000, 0x0000000087f00000|  0%| F|  |TAMS 0x0000000087e00000, 0x0000000087e00000| Untracked 
| 107|0x0000000087f00000, 0x0000000087f00000, 0x0000000088000000|  0%| F|  |TAMS 0x0000000087f00000, 0x0000000087f00000| Untracked 
| 108|0x0000000088000000, 0x0000000088000000, 0x0000000088100000|  0%| F|  |TAMS 0x0000000088000000, 0x0000000088000000| Untracked 
| 109|0x0000000088100000, 0x0000000088100000, 0x0000000088200000|  0%| F|  |TAMS 0x0000000088100000, 0x0000000088100000| Untracked 
| 110|0x0000000088200000, 0x0000000088200000, 0x0000000088300000|  0%| F|  |TAMS 0x0000000088200000, 0x0000000088200000| Untracked 
| 111|0x0000000088300000, 0x0000000088300000, 0x0000000088400000|  0%| F|  |TAMS 0x0000000088300000, 0x0000000088300000| Untracked 
| 112|0x0000000088400000, 0x0000000088400000, 0x0000000088500000|  0%| F|  |TAMS 0x0000000088400000, 0x0000000088400000| Untracked 
| 113|0x0000000088500000, 0x0000000088500000, 0x0000000088600000|  0%| F|  |TAMS 0x0000000088500000, 0x0000000088500000| Untracked 
| 114|0x0000000088600000, 0x0000000088600000, 0x0000000088700000|  0%| F|  |TAMS 0x0000000088600000, 0x0000000088600000| Untracked 
| 115|0x0000000088700000, 0x0000000088700000, 0x0000000088800000|  0%| F|  |TAMS 0x0000000088700000, 0x0000000088700000| Untracked 
| 116|0x0000000088800000, 0x0000000088800000, 0x0000000088900000|  0%| F|  |TAMS 0x0000000088800000, 0x0000000088800000| Untracked 
| 117|0x0000000088900000, 0x0000000088900000, 0x0000000088a00000|  0%| F|  |TAMS 0x0000000088900000, 0x0000000088900000| Untracked 
| 118|0x0000000088a00000, 0x0000000088a00000, 0x0000000088b00000|  0%| F|  |TAMS 0x0000000088a00000, 0x0000000088a00000| Untracked 
| 119|0x0000000088b00000, 0x0000000088b00000, 0x0000000088c00000|  0%| F|  |TAMS 0x0000000088b00000, 0x0000000088b00000| Untracked 
| 120|0x0000000088c00000, 0x0000000088c00000, 0x0000000088d00000|  0%| F|  |TAMS 0x0000000088c00000, 0x0000000088c00000| Untracked 
| 121|0x0000000088d00000, 0x0000000088d00000, 0x0000000088e00000|  0%| F|  |TAMS 0x0000000088d00000, 0x0000000088d00000| Untracked 
| 122|0x0000000088e00000, 0x0000000088e00000, 0x0000000088f00000|  0%| F|  |TAMS 0x0000000088e00000, 0x0000000088e00000| Untracked 
| 123|0x0000000088f00000, 0x0000000088f00000, 0x0000000089000000|  0%| F|  |TAMS 0x0000000088f00000, 0x0000000088f00000| Untracked 
| 124|0x0000000089000000, 0x0000000089000000, 0x0000000089100000|  0%| F|  |TAMS 0x0000000089000000, 0x0000000089000000| Untracked 
| 125|0x0000000089100000, 0x0000000089100000, 0x0000000089200000|  0%| F|  |TAMS 0x0000000089100000, 0x0000000089100000| Untracked 
| 126|0x0000000089200000, 0x0000000089300000, 0x0000000089300000|100%| E|  |TAMS 0x0000000089200000, 0x0000000089200000| Complete 
| 127|0x0000000089300000, 0x0000000089400000, 0x0000000089400000|100%| E|CS|TAMS 0x0000000089300000, 0x0000000089300000| Complete 

Card table byte_map: [0x000001e869960000,0x000001e869d60000] _byte_map_base: 0x000001e869556000

Marking Bits (Prev, Next): (CMBitMap*) 0x000001e85150fcf8, (CMBitMap*) 0x000001e85150fd38
 Prev Bits: [0x000001e86a160000, 0x000001e86c110000)
 Next Bits: [0x000001e86c110000, 0x000001e86e0c0000)

Polling page: 0x000001e84fc00000

Metaspace:

Usage:
  Non-class:      4.03 MB capacity,   857.61 KB ( 21%) used,     3.20 MB ( 79%) free+waste,     1.69 KB ( <1%) overhead. 
      Class:    402.00 KB capacity,    95.45 KB ( 24%) used,   305.42 KB ( 76%) free+waste,     1.13 KB ( <1%) overhead. 
       Both:      4.43 MB capacity,   953.06 KB ( 21%) used,     3.49 MB ( 79%) free+waste,     2.81 KB ( <1%) overhead. 

Virtual space:
  Non-class space:        8.00 MB reserved,       4.25 MB ( 53%) committed 
      Class space:        1.00 GB reserved,     512.00 KB ( <1%) committed 
             Both:        1.01 GB reserved,       4.75 MB ( <1%) committed 

Chunk freelists:
   Non-Class:  0 bytes
       Class:  0 bytes
        Both:  0 bytes

MaxMetaspaceSize: 17179869184.00 GB
CompressedClassSpaceSize: 1.00 GB

CodeHeap 'non-profiled nmethods': size=120000Kb used=76Kb max_used=76Kb free=119923Kb
 bounds [0x000001e8614c0000, 0x000001e861730000, 0x000001e8689f0000]
CodeHeap 'profiled nmethods': size=120000Kb used=243Kb max_used=243Kb free=119756Kb
 bounds [0x000001e859f90000, 0x000001e85a200000, 0x000001e8614c0000]
CodeHeap 'non-nmethods': size=5760Kb used=1115Kb max_used=1125Kb free=4644Kb
 bounds [0x000001e8599f0000, 0x000001e859c60000, 0x000001e859f90000]
 total_blobs=874 nmethods=211 adapters=260
 compilation: enabled
              stopped_count=0, restarted_count=0
 full_count=0

Compilation events (20 events):
Event: 10.245 Thread 0x000001e870bbb800 nmethod 190 0x000001e859fc7590 code [0x000001e859fc7980, 0x000001e859fc9880]
Event: 10.245 Thread 0x000001e870bbb800  197       3       java.lang.Number::<init> (5 bytes)
Event: 10.245 Thread 0x000001e870bbb800 nmethod 197 0x000001e859fca190 code [0x000001e859fca340, 0x000001e859fca518]
Event: 10.245 Thread 0x000001e870bbb800  195       3       jdk.internal.org.objectweb.asm.SymbolTable::put (150 bytes)
Event: 10.246 Thread 0x000001e870bbb800 nmethod 195 0x000001e859fca610 code [0x000001e859fca800, 0x000001e859fcb138]
Event: 10.246 Thread 0x000001e870bbb800  196       3       java.lang.invoke.LambdaForm$BasicType::basicType (19 bytes)
Event: 10.247 Thread 0x000001e870bbb800 nmethod 196 0x000001e859fcb410 code [0x000001e859fcb5e0, 0x000001e859fcb880]
Event: 10.247 Thread 0x000001e870bbb800  193       3       java.lang.reflect.Modifier::isStatic (13 bytes)
Event: 10.247 Thread 0x000001e870bbb800 nmethod 193 0x000001e859fcb990 code [0x000001e859fcbb40, 0x000001e859fcbcd8]
Event: 10.247 Thread 0x000001e870bbb800  189       1       java.lang.invoke.LambdaForm$Name::index (5 bytes)
Event: 10.248 Thread 0x000001e870bbb800 nmethod 189 0x000001e8614d1d10 code [0x000001e8614d1ea0, 0x000001e8614d1fd8]
Event: 10.248 Thread 0x000001e870bbb800  203       3       java.lang.invoke.LambdaForm::internArgument (85 bytes)
Event: 10.249 Thread 0x000001e870bbb800 nmethod 203 0x000001e859fcbd90 code [0x000001e859fcbf80, 0x000001e859fcc390]
Event: 10.249 Thread 0x000001e870bbb800  206       3       jdk.internal.org.objectweb.asm.Symbol::<init> (38 bytes)
Event: 10.249 Thread 0x000001e870bbb800 nmethod 206 0x000001e859fcc590 code [0x000001e859fcc740, 0x000001e859fcca58]
Event: 10.249 Thread 0x000001e870bbb800  205       3       java.lang.invoke.MemberName::getReferenceKind (12 bytes)
Event: 10.250 Thread 0x000001e870bbb800 nmethod 205 0x000001e859fccb10 code [0x000001e859fccca0, 0x000001e859fcce38]
Event: 10.250 Thread 0x000001e870bbb800  207       1       java.lang.invoke.LambdaForm$BasicType::basicTypeClass (5 bytes)
Event: 10.250 Thread 0x000001e870bbb800 nmethod 207 0x000001e8614d2390 code [0x000001e8614d2520, 0x000001e8614d2658]
Event: 10.250 Thread 0x000001e870bbb800  208       3       jdk.internal.org.objectweb.asm.Frame::execute (2305 bytes)

GC Heap History (0 events):
No events

Deoptimization events (4 events):
Event: 0.255 Thread 0x000001e8514cb800 Uncommon trap: trap_request=0xffffff45 fr.pc=0x000001e8614c4a98 relative=0x00000000000001f8
Event: 0.255 Thread 0x000001e8514cb800 Uncommon trap: reason=unstable_if action=reinterpret pc=0x000001e8614c4a98 method=java.lang.String.hashCode()I @ 13 c2
Event: 0.255 Thread 0x000001e8514cb800 DEOPT PACKING pc=0x000001e8614c4a98 sp=0x0000002277afdf20
Event: 0.255 Thread 0x000001e8514cb800 DEOPT UNPACKING pc=0x000001e859a3912f sp=0x0000002277afdeb0 mode 2

Classes unloaded (0 events):
No events

Classes redefined (0 events):
No events

Internal exceptions (0 events):
No events

Events (20 events):
Event: 8.408 loading class java/net/SocketCleanable
Event: 8.409 loading class java/net/SocketCleanable done
Event: 8.413 Executing VM operation: RevokeBias
Event: 8.414 Executing VM operation: RevokeBias done
Event: 8.414 loading class java/net/DatagramPacket$1
Event: 8.414 loading class java/net/DatagramPacket$1 done
Event: 10.225 loading class java/lang/invoke/BoundMethodHandle$Species_LL
Event: 10.225 loading class java/lang/invoke/BoundMethodHandle$Species_LL done
Event: 10.228 loading class java/lang/invoke/BoundMethodHandle$Species_LLL
Event: 10.228 loading class java/lang/invoke/BoundMethodHandle$Species_LLL done
Event: 10.235 loading class java/lang/invoke/BoundMethodHandle$Species_LLLL
Event: 10.235 loading class java/lang/invoke/BoundMethodHandle$Species_LLLL done
Event: 10.238 loading class java/lang/invoke/BoundMethodHandle$Species_LLLLL
Event: 10.239 loading class java/lang/invoke/BoundMethodHandle$Species_LLLLL done
Event: 10.242 loading class java/lang/invoke/BoundMethodHandle$Species_LJ
Event: 10.243 loading class java/lang/invoke/BoundMethodHandle$Species_LJ done
Event: 10.246 loading class java/lang/invoke/BoundMethodHandle$Species_LLLLLL
Event: 10.246 loading class java/lang/invoke/BoundMethodHandle$Species_LLLLLL done
Event: 10.250 loading class java/lang/invoke/BoundMethodHandle$Species_LLLLLLL
Event: 10.251 loading class java/lang/invoke/BoundMethodHandle$Species_LLLLLLL done


Dynamic libraries:
0x00007ff6c2010000 - 0x00007ff6c201f000 	C:\Program Files\Java\jdk-13.0.1\bin\java.exe
0x00007ffc89490000 - 0x00007ffc89688000 	C:\WINDOWS\SYSTEM32\ntdll.dll
0x00007ffc87d30000 - 0x00007ffc87ded000 	C:\WINDOWS\System32\KERNEL32.DLL
0x00007ffc86f80000 - 0x00007ffc87252000 	C:\WINDOWS\System32\KERNELBASE.dll
0x00007ffc87290000 - 0x00007ffc87390000 	C:\WINDOWS\System32\ucrtbase.dll
0x00007ffc7ed90000 - 0x00007ffc7eda8000 	C:\Program Files\Java\jdk-13.0.1\bin\jli.dll
0x00007ffc88670000 - 0x00007ffc8871e000 	C:\WINDOWS\System32\ADVAPI32.dll
0x00007ffc7e660000 - 0x00007ffc7e675000 	C:\Program Files\Java\jdk-13.0.1\bin\VCRUNTIME140.dll
0x00007ffc87df0000 - 0x00007ffc87e8e000 	C:\WINDOWS\System32\msvcrt.dll
0x00007ffc88e00000 - 0x00007ffc88e9c000 	C:\WINDOWS\System32\sechost.dll
0x00007ffc88870000 - 0x00007ffc88995000 	C:\WINDOWS\System32\RPCRT4.dll
0x00007ffc87a00000 - 0x00007ffc87b9d000 	C:\WINDOWS\System32\USER32.dll
0x00007ffc87260000 - 0x00007ffc87282000 	C:\WINDOWS\System32\win32u.dll
0x00007ffc88dd0000 - 0x00007ffc88dfb000 	C:\WINDOWS\System32\GDI32.dll
0x00007ffc788e0000 - 0x00007ffc78b7a000 	C:\WINDOWS\WinSxS\amd64_microsoft.windows.common-controls_6595b64144ccf1df_6.0.19041.1110_none_60b5254171f9507e\COMCTL32.dll
0x00007ffc86d90000 - 0x00007ffc86e9f000 	C:\WINDOWS\System32\gdi32full.dll
0x00007ffc86bf0000 - 0x00007ffc86c8d000 	C:\WINDOWS\System32\msvcp_win.dll
0x00007ffc7cf40000 - 0x00007ffc7cf4a000 	C:\WINDOWS\SYSTEM32\VERSION.dll
0x00007ffc88ad0000 - 0x00007ffc88b00000 	C:\WINDOWS\System32\IMM32.DLL
0x00007ffc59450000 - 0x00007ffc594eb000 	C:\Program Files\Java\jdk-13.0.1\bin\msvcp140.dll
0x00007ffc1e800000 - 0x00007ffc1f366000 	C:\Program Files\Java\jdk-13.0.1\bin\server\jvm.dll
0x00007ffc88ac0000 - 0x00007ffc88ac8000 	C:\WINDOWS\System32\PSAPI.DLL
0x00007ffc768b0000 - 0x00007ffc768b9000 	C:\WINDOWS\SYSTEM32\WSOCK32.dll
0x00007ffc7cee0000 - 0x00007ffc7cf07000 	C:\WINDOWS\SYSTEM32\WINMM.dll
0x00007ffc88600000 - 0x00007ffc8866b000 	C:\WINDOWS\System32\WS2_32.dll
0x00007ffc853f0000 - 0x00007ffc85402000 	C:\WINDOWS\SYSTEM32\kernel.appcore.dll
0x00007ffc75100000 - 0x00007ffc75110000 	C:\Program Files\Java\jdk-13.0.1\bin\verify.dll
0x00007ffc74340000 - 0x00007ffc74524000 	C:\WINDOWS\SYSTEM32\DBGHELP.DLL
0x00007ffc742b0000 - 0x00007ffc742dc000 	C:\WINDOWS\SYSTEM32\dbgcore.DLL
0x00007ffc86c90000 - 0x00007ffc86d12000 	C:\WINDOWS\System32\bcryptPrimitives.dll
0x00007ffc623e0000 - 0x00007ffc62406000 	C:\Program Files\Java\jdk-13.0.1\bin\java.dll
0x00007ffc694b0000 - 0x00007ffc694c7000 	C:\Program Files\Java\jdk-13.0.1\bin\zip.dll
0x00007ffc6a940000 - 0x00007ffc6a94a000 	C:\Program Files\Java\jdk-13.0.1\bin\jimage.dll
0x00007ffc87eb0000 - 0x00007ffc885f3000 	C:\WINDOWS\System32\SHELL32.dll
0x00007ffc84b20000 - 0x00007ffc852b1000 	C:\WINDOWS\SYSTEM32\windows.storage.dll
0x00007ffc87620000 - 0x00007ffc87974000 	C:\WINDOWS\System32\combase.dll
0x00007ffc86600000 - 0x00007ffc86630000 	C:\WINDOWS\SYSTEM32\Wldp.dll
0x00007ffc887c0000 - 0x00007ffc8886d000 	C:\WINDOWS\System32\SHCORE.dll
0x00007ffc88b00000 - 0x00007ffc88b55000 	C:\WINDOWS\System32\shlwapi.dll
0x00007ffc86ae0000 - 0x00007ffc86aff000 	C:\WINDOWS\SYSTEM32\profapi.dll
0x00007ffc69430000 - 0x00007ffc69449000 	C:\Program Files\Java\jdk-13.0.1\bin\net.dll
0x00007ffc7cd00000 - 0x00007ffc7ce0d000 	C:\WINDOWS\SYSTEM32\WINHTTP.dll
0x00007ffc86360000 - 0x00007ffc863ca000 	C:\WINDOWS\system32\mswsock.dll

dbghelp: loaded successfully - version: 4.0.5 - missing functions: none
symbol engine: initialized successfully - sym options: 0x614 - pdb path: .;C:\Program Files\Java\jdk-13.0.1\bin;C:\WINDOWS\SYSTEM32;C:\WINDOWS\WinSxS\amd64_microsoft.windows.common-controls_6595b64144ccf1df_6.0.19041.1110_none_60b5254171f9507e;C:\Program Files\Java\jdk-13.0.1\bin\server

VM Arguments:
java_command: Peer 500
java_class_path (initial): C:\Program Files\Java\jdk-13.0.1\lib;.
Launcher Type: SUN_STANDARD

[Global flags]
     intx CICompilerCount                          = 4                                         {product} {ergonomic}
     uint ConcGCThreads                            = 2                                         {product} {ergonomic}
     uint G1ConcRefinementThreads                  = 8                                         {product} {ergonomic}
   size_t G1HeapRegionSize                         = 1048576                                   {product} {ergonomic}
    uintx GCDrainStackTargetSize                   = 64                                        {product} {ergonomic}
   size_t InitialHeapSize                          = 134217728                                 {product} {ergonomic}
   size_t MarkStackSize                            = 4194304                                   {product} {ergonomic}
   size_t MaxHeapSize                              = 2126512128                                {product} {ergonomic}
   size_t MaxNewSize                               = 1275068416                                {product} {ergonomic}
   size_t MinHeapDeltaBytes                        = 1048576                                   {product} {ergonomic}
   size_t MinHeapSize                              = 8388608                                   {product} {ergonomic}
    uintx NonNMethodCodeHeapSize                   = 5836300                                {pd product} {ergonomic}
    uintx NonProfiledCodeHeapSize                  = 122910970                              {pd product} {ergonomic}
    uintx ProfiledCodeHeapSize                     = 122910970                              {pd product} {ergonomic}
    uintx ReservedCodeCacheSize                    = 251658240                              {pd product} {ergonomic}
     bool SegmentedCodeCache                       = true                                      {product} {ergonomic}
   size_t SoftMaxHeapSize                          = 2126512128                             {manageable} {ergonomic}
     bool UseCompressedClassPointers               = true                                 {lp64_product} {ergonomic}
     bool UseCompressedOops                        = true                                 {lp64_product} {ergonomic}
     bool UseG1GC                                  = true                                      {product} {ergonomic}
     bool UseLargePagesIndividualAllocation        = false                                  {pd product} {ergonomic}

Logging:
Log output configuration:
 #0: stdout all=warning uptime,level,tags
 #1: stderr all=off uptime,level,tags

Environment Variables:
JAVA_HOME=C:\Program Files\Java\jdk-13.0.1
CLASSPATH=C:\Program Files\Java\jdk-13.0.1\lib;.
PATH=C:\WinAVR-20100110\bin;C:\WinAVR-20100110\utils\bin;C:\Program Files (x86)\NAT Service;C:\Program Files (x86)\NVIDIA Corporation\PhysX\Common;C:\Program Files (x86)\Intel\iCLS Client\;C:\Program Files\Intel\iCLS Client\;C:\WINDOWS\system32;C:\WINDOWS;C:\WINDOWS\System32\Wbem;C:\WINDOWS\System32\WindowsPowerShell\v1.0\;C:\Program Files\Intel\Intel(R) Management Engine Components\DAL;C:\Program Files\Intel\Intel(R) Management Engine Components\IPT;C:\Program Files (x86)\Intel\Intel(R) Management Engine Components\DAL;C:\Program Files (x86)\Intel\Intel(R) Management Engine Components\IPT;C:\Program Files\Intel\WiFi\bin\;C:\Program Files\Common Files\Intel\WirelessCommon\;C:\WINDOWS\System32\OpenSSH\;C:\Program Files\Java\jdk-13.0.1\bin;C:\MinGW\bin;C:\Program Files\Git\cmd;C:\MongoDB;C:\Python\Scripts\;C:\Python\;C:\Users\SAMSUNG\AppData\Local\Microsoft\WindowsApps;C:\Users\SAMSUNG\AppData\Local\Programs\Microsoft VS Code\bin;C:\Program Files\Bandizip\;C:\Users\SAMSUNG\AppData\Local\GitHubDesktop\bin;C:\Users\SAMSUNG\AppData\Local\Microsoft\WindowsApps
USERNAME=SAMSUNG
OS=Windows_NT
PROCESSOR_IDENTIFIER=Intel64 Family 6 Model 60 Stepping 3, GenuineIntel



---------------  S Y S T E M  ---------------

OS: Windows 10 , 64 bit Build 19041 (10.0.19041.1889)

CPU:total 8 (initial active 8) (4 cores per cpu, 2 threads per core) family 6 model 60 stepping 3, cmov, cx8, fxsr, mmx, sse, sse2, sse3, ssse3, sse4.1, sse4.2, popcnt, avx, avx2, aes, clmul, erms, lzcnt, ht, tsc, tscinvbit, bmi1, bmi2, fma

Memory: 4k page, system-wide physical 8106M (1045M free)
TotalPageFile size 8106M (AvailPageFile size 4M)
current process WorkingSet (physical memory assigned to process): 33M, peak: 33M
current process commit charge ("private bytes"): 215M, peak: 215M

vm_info: Java HotSpot(TM) 64-Bit Server VM (13.0.1+9) for windows-amd64 JRE (13.0.1+9), built on Oct  6 2019 12:37:49 by "mach5one" with unknown MS VC++:1916

END.
